<?xml version="1.0" encoding="UTF-8"?>
<!-- Generated by org.testng.reporters.JUnitXMLReporter -->
<testsuite ignored="0" hostname="DESKTOP-7A9FBF0" failures="0" tests="3" name="Test" time="10.359" errors="0" timestamp="2024-07-04T19:34:22 BST">
  <testcase classname="TestNG.Example11_Parallel2" name="OpenGoogleApp" time="8.365"/>
  <testcase classname="TestNG.Example11_Parallel1" name="OpenFacebookApp" time="8.581"/>
  <testcase classname="TestNG.Example11_Parallel3" name="OpenFlipkartApp" time="10.318"/>
</testsuite> <!-- Test -->
