<?xml version="1.0" encoding="UTF-8"?>
<testng-results ignored="0" total="1" passed="1" failed="0" skipped="0">
  <reporter-output>
  </reporter-output>
  <suite started-at="2024-07-18T10:59:57 BST" name="Default suite" finished-at="2024-07-18T11:00:16 BST" duration-ms="19002">
    <groups>
    </groups>
    <test started-at="2024-07-18T10:59:57 BST" name="Default test" finished-at="2024-07-18T11:00:16 BST" duration-ms="19002">
      <class name="POM_DDF_TestNG_BaseClass_UtilityClass_FailedTCesSS_PropertyFile.SwagLabsLoginTest">
        <test-method is-config="true" signature="openBrowser()[pri:0, instance:POM_DDF_TestNG_BaseClass_UtilityClass_FailedTCesSS_PropertyFile.SwagLabsLoginTest@6913c1fb]" started-at="2024-07-18T10:59:57 BST" name="openBrowser" finished-at="2024-07-18T11:00:01 BST" duration-ms="3902" status="PASS">
          <reporter-output>
          </reporter-output>
        </test-method> <!-- openBrowser -->
        <test-method is-config="true" signature="loginToApp()[pri:0, instance:POM_DDF_TestNG_BaseClass_UtilityClass_FailedTCesSS_PropertyFile.SwagLabsLoginTest@6913c1fb]" started-at="2024-07-18T11:00:01 BST" name="loginToApp" finished-at="2024-07-18T11:00:08 BST" duration-ms="6773" status="PASS">
          <reporter-output>
          </reporter-output>
        </test-method> <!-- loginToApp -->
        <test-method signature="verifyLogo()[pri:0, instance:POM_DDF_TestNG_BaseClass_UtilityClass_FailedTCesSS_PropertyFile.SwagLabsLoginTest@6913c1fb]" started-at="2024-07-18T11:00:08 BST" name="verifyLogo" finished-at="2024-07-18T11:00:12 BST" duration-ms="3468" status="PASS">
          <reporter-output>
          </reporter-output>
        </test-method> <!-- verifyLogo -->
        <test-method is-config="true" signature="logoutFromoApp(org.testng.ITestResult)[pri:0, instance:POM_DDF_TestNG_BaseClass_UtilityClass_FailedTCesSS_PropertyFile.SwagLabsLoginTest@6913c1fb]" started-at="2024-07-18T11:00:12 BST" name="logoutFromoApp" finished-at="2024-07-18T11:00:16 BST" duration-ms="4389" status="PASS">
          <params>
            <param index="0">
              <value>
                <![CDATA[[TestResult name=verifyLogo status=SUCCESS method=SwagLabsLoginTest.verifyLogo()[pri:0, instance:POM_DDF_TestNG_BaseClass_UtilityClass_FailedTCesSS_PropertyFile.SwagLabsLoginTest@6913c1fb] output={null}]]]>
              </value>
            </param>
          </params>
          <reporter-output>
          </reporter-output>
        </test-method> <!-- logoutFromoApp -->
        <test-method is-config="true" signature="closeBrowser()[pri:0, instance:POM_DDF_TestNG_BaseClass_UtilityClass_FailedTCesSS_PropertyFile.SwagLabsLoginTest@6913c1fb]" started-at="2024-07-18T11:00:16 BST" name="closeBrowser" finished-at="2024-07-18T11:00:16 BST" duration-ms="381" status="PASS">
          <reporter-output>
          </reporter-output>
        </test-method> <!-- closeBrowser -->
      </class> <!-- POM_DDF_TestNG_BaseClass_UtilityClass_FailedTCesSS_PropertyFile.SwagLabsLoginTest -->
    </test> <!-- Default test -->
  </suite> <!-- Default suite -->
</testng-results>
